INFO::**********************************************************************************************************************
INFO::****************************Experiment START ************************************************************************
INFO::thresholds:: IR-[5]_5-numRule_300000-supA_50.0-supB_50.0-condAB_0.1-condBA_0.05-IR_0.02
INFO::parts-of-speech:: NN
INFO::NN File that contains all patterns within this thresholds:NN-IR-[5]_5-numRule_300000-supA_50.0-supB_50.0-condAB_0.1-condBA_0.05-IR_0.02.csv.json
INFO::qald-9 file taken for evalution:src/main/resources/qald9/data/gold/NN-predicate-qald9.csv
INFO::>> now checking QUERY::amount >> Pattern NOT FOUND in our LEXICON
INFO::>> now checking qald pattern::architect  >>>> Pattern FOUND in our LEXICON
INFO::>>>> >>>>  >>>> >>>> >>>>  >>>> >>>> >>>> >>>> Proposed results:predicate:: 
1 architect
2 nationality
INFO::>>>> >>>>  >>>> >>>> >>>>  >>>> >>>> >>>> >>>> QALD KB :architect >>>> >>>> FOUND : >>>> >>>> RANK::1 RECIPROCAL RANK:1.0


INFO::>> now checking qald pattern::area  >>>> Pattern FOUND in our LEXICON
INFO::>>>> Proposed results:predicate:: 
1 isPartOfWineRegion
INFO::>>>>  QALD KB :areaTotal >>>> NOT FOUND  RANK::0 RECIPROCAL RANK::0


INFO::>> now checking qald pattern::author  >>>> Pattern FOUND in our LEXICON
INFO::>>>> >>>>  >>>> >>>> >>>>  >>>> >>>> >>>> >>>> Proposed results:predicate:: 
1 author
INFO::>>>> >>>>  >>>> >>>> >>>>  >>>> >>>> >>>> >>>> QALD KB :author >>>> >>>> FOUND : >>>> >>>> RANK::1 RECIPROCAL RANK:1.0


INFO::>> now checking qald pattern::author  >>>> Pattern FOUND in our LEXICON
INFO::>>>> >>>>  >>>> >>>> >>>>  >>>> >>>> >>>> >>>> Proposed results:predicate:: 
1 author
INFO::>>>> >>>>  >>>> >>>> >>>>  >>>> >>>> >>>> >>>> QALD KB :author >>>> >>>> FOUND : >>>> >>>> RANK::1 RECIPROCAL RANK:1.0


INFO::>> now checking QUERY::birth_name >> Pattern NOT FOUND in our LEXICON
INFO::>> now checking QUERY::birth_name >> Pattern NOT FOUND in our LEXICON
INFO::>> now checking QUERY::birth_name >> Pattern NOT FOUND in our LEXICON
INFO::>> now checking QUERY::birth_place >> Pattern NOT FOUND in our LEXICON
INFO::>> now checking QUERY::birthday >> Pattern NOT FOUND in our LEXICON
INFO::>> now checking QUERY::birthplace >> Pattern NOT FOUND in our LEXICON
INFO::>> now checking qald pattern::borough  >>>> Pattern FOUND in our LEXICON
INFO::>>>> >>>>  >>>> >>>> >>>>  >>>> >>>> >>>> >>>> Proposed results:predicate:: 
1 governmentType
INFO::>>>> >>>>  >>>> >>>> >>>>  >>>> >>>> >>>> >>>> QALD KB :governmentType >>>> >>>> FOUND : >>>> >>>> RANK::1 RECIPROCAL RANK:1.0


INFO::>> now checking QUERY::breed >> Pattern NOT FOUND in our LEXICON
INFO::>> now checking QUERY::budget >> Pattern NOT FOUND in our LEXICON
INFO::>> now checking qald pattern::capital  >>>> Pattern FOUND in our LEXICON
INFO::>>>> >>>>  >>>> >>>> >>>>  >>>> >>>> >>>> >>>> Proposed results:predicate:: 
1 capital
INFO::>>>> >>>>  >>>> >>>> >>>>  >>>> >>>> >>>> >>>> QALD KB :capital >>>> >>>> FOUND : >>>> >>>> RANK::1 RECIPROCAL RANK:1.0


INFO::>> now checking qald pattern::capital  >>>> Pattern FOUND in our LEXICON
INFO::>>>> >>>>  >>>> >>>> >>>>  >>>> >>>> >>>> >>>> Proposed results:predicate:: 
1 capital
INFO::>>>> >>>>  >>>> >>>> >>>>  >>>> >>>> >>>> >>>> QALD KB :capital >>>> >>>> FOUND : >>>> >>>> RANK::1 RECIPROCAL RANK:1.0


INFO::>> now checking qald pattern::capital  >>>> Pattern FOUND in our LEXICON
INFO::>>>> >>>>  >>>> >>>> >>>>  >>>> >>>> >>>> >>>> Proposed results:predicate:: 
1 capital
INFO::>>>> >>>>  >>>> >>>> >>>>  >>>> >>>> >>>> >>>> QALD KB :capital >>>> >>>> FOUND : >>>> >>>> RANK::1 RECIPROCAL RANK:1.0


INFO::>> now checking qald pattern::capital  >>>> Pattern FOUND in our LEXICON
INFO::>>>> >>>>  >>>> >>>> >>>>  >>>> >>>> >>>> >>>> Proposed results:predicate:: 
1 capital
INFO::>>>> >>>>  >>>> >>>> >>>>  >>>> >>>> >>>> >>>> QALD KB :capital >>>> >>>> FOUND : >>>> >>>> RANK::1 RECIPROCAL RANK:1.0


INFO::>> now checking qald pattern::capital  >>>> Pattern FOUND in our LEXICON
INFO::>>>> >>>>  >>>> >>>> >>>>  >>>> >>>> >>>> >>>> Proposed results:predicate:: 
1 capital
INFO::>>>> >>>>  >>>> >>>> >>>>  >>>> >>>> >>>> >>>> QALD KB :capital >>>> >>>> FOUND : >>>> >>>> RANK::1 RECIPROCAL RANK:1.0


INFO::>> now checking QUERY::cause >> Pattern NOT FOUND in our LEXICON
INFO::>> now checking QUERY::cause_of_death >> Pattern NOT FOUND in our LEXICON
INFO::>> now checking QUERY::child >> Pattern NOT FOUND in our LEXICON
INFO::>> now checking QUERY::child >> Pattern NOT FOUND in our LEXICON
INFO::>> now checking qald pattern::coach  >>>> Pattern FOUND in our LEXICON
INFO::>>>> Proposed results:predicate:: 
1 deathDate
INFO::>>>>  QALD KB :coach >>>> NOT FOUND  RANK::0 RECIPROCAL RANK::0


INFO::>> now checking QUERY::creator >> Pattern NOT FOUND in our LEXICON
INFO::>> now checking qald pattern::currency  >>>> Pattern FOUND in our LEXICON
INFO::>>>> >>>>  >>>> >>>> >>>>  >>>> >>>> >>>> >>>> Proposed results:predicate:: 
1 currency
INFO::>>>> >>>>  >>>> >>>> >>>>  >>>> >>>> >>>> >>>> QALD KB :currency >>>> >>>> FOUND : >>>> >>>> RANK::1 RECIPROCAL RANK:1.0


INFO::>> now checking qald pattern::currency  >>>> Pattern FOUND in our LEXICON
INFO::>>>> >>>>  >>>> >>>> >>>>  >>>> >>>> >>>> >>>> Proposed results:predicate:: 
1 currency
INFO::>>>> >>>>  >>>> >>>> >>>>  >>>> >>>> >>>> >>>> QALD KB :currency >>>> >>>> FOUND : >>>> >>>> RANK::1 RECIPROCAL RANK:1.0


INFO::>> now checking qald pattern::daughter  >>>> Pattern FOUND in our LEXICON
INFO::>>>> Proposed results:predicate:: 
1 father
INFO::>>>>  QALD KB :child >>>> NOT FOUND  RANK::0 RECIPROCAL RANK::0


INFO::>> now checking qald pattern::death  >>>> Pattern FOUND in our LEXICON
INFO::>>>> Proposed results:predicate:: 
1 rows
2 years
INFO::>>>>  QALD KB :deathDate >>>> NOT FOUND  RANK::0 RECIPROCAL RANK::0


INFO::>> now checking qald pattern::designer  >>>> Pattern FOUND in our LEXICON
INFO::>>>> Proposed results:predicate:: 
1 birthPlace
INFO::>>>>  QALD KB :designer >>>> NOT FOUND  RANK::0 RECIPROCAL RANK::0


INFO::>> now checking QUERY::developer >> Pattern NOT FOUND in our LEXICON
INFO::>> now checking QUERY::editor >> Pattern NOT FOUND in our LEXICON
INFO::>> now checking qald pattern::elevation  >>>> Pattern FOUND in our LEXICON
INFO::>>>> Proposed results:predicate:: 
1 elevationM
INFO::>>>>  QALD KB :elevation >>>> NOT FOUND  RANK::0 RECIPROCAL RANK::0


INFO::>> now checking QUERY::form_of_government >> Pattern NOT FOUND in our LEXICON
INFO::>> now checking QUERY::form_of_government >> Pattern NOT FOUND in our LEXICON
INFO::>> now checking QUERY::founder >> Pattern NOT FOUND in our LEXICON
INFO::>> now checking QUERY::founding_date >> Pattern NOT FOUND in our LEXICON
INFO::>> now checking QUERY::founding_date >> Pattern NOT FOUND in our LEXICON
INFO::>> now checking qald pattern::governor  >>>> Pattern FOUND in our LEXICON
INFO::>>>> Proposed results:predicate:: 
1 birthPlace
INFO::>>>>  QALD KB :governor >>>> NOT FOUND  RANK::0 RECIPROCAL RANK::0


INFO::>> now checking QUERY::grandchildren >> Pattern NOT FOUND in our LEXICON
INFO::>> now checking QUERY::grandchildren >> Pattern NOT FOUND in our LEXICON
INFO::>> now checking QUERY::host >> Pattern NOT FOUND in our LEXICON
INFO::>> now checking QUERY::location >> Pattern NOT FOUND in our LEXICON
INFO::>> now checking qald pattern::manager  >>>> Pattern FOUND in our LEXICON
INFO::>>>> Proposed results:predicate:: 
1 nationalteam
INFO::>>>>  QALD KB :manager >>>> NOT FOUND  RANK::0 RECIPROCAL RANK::0


INFO::>> now checking qald pattern::mayor  >>>> Pattern FOUND in our LEXICON
INFO::>>>> Proposed results:predicate:: 
1 birthPlace
INFO::>>>>  QALD KB :leaderName >>>> NOT FOUND  RANK::0 RECIPROCAL RANK::0


INFO::>> now checking qald pattern::mayor  >>>> Pattern FOUND in our LEXICON
INFO::>>>> Proposed results:predicate:: 
1 birthPlace
INFO::>>>>  QALD KB :mayor >>>> NOT FOUND  RANK::0 RECIPROCAL RANK::0


INFO::>> now checking qald pattern::mayor  >>>> Pattern FOUND in our LEXICON
INFO::>>>> Proposed results:predicate:: 
1 birthPlace
INFO::>>>>  QALD KB :mayor >>>> NOT FOUND  RANK::0 RECIPROCAL RANK::0


INFO::>> now checking qald pattern::mayor  >>>> Pattern FOUND in our LEXICON
INFO::>>>> Proposed results:predicate:: 
1 birthPlace
INFO::>>>>  QALD KB :leaderName >>>> NOT FOUND  RANK::0 RECIPROCAL RANK::0


INFO::>> now checking qald pattern::mayor  >>>> Pattern FOUND in our LEXICON
INFO::>>>> Proposed results:predicate:: 
1 birthPlace
INFO::>>>>  QALD KB :mayor >>>> NOT FOUND  RANK::0 RECIPROCAL RANK::0


INFO::>> now checking qald pattern::mayor  >>>> Pattern FOUND in our LEXICON
INFO::>>>> Proposed results:predicate:: 
1 birthPlace
INFO::>>>>  QALD KB :leaderName >>>> NOT FOUND  RANK::0 RECIPROCAL RANK::0


INFO::>> now checking qald pattern::member  >>>> Pattern FOUND in our LEXICON
INFO::>>>> Proposed results:predicate:: 
1 conference
2 groupCluster
INFO::>>>>  QALD KB :alliance >>>> NOT FOUND  RANK::0 RECIPROCAL RANK::0


INFO::>> now checking qald pattern::member  >>>> Pattern FOUND in our LEXICON
INFO::>>>> Proposed results:predicate:: 
1 conference
2 groupCluster
INFO::>>>>  QALD KB :bandMember >>>> NOT FOUND  RANK::0 RECIPROCAL RANK::0


INFO::>> now checking QUERY::origin >> Pattern NOT FOUND in our LEXICON
INFO::>> now checking QUERY::owner >> Pattern NOT FOUND in our LEXICON
INFO::>> now checking QUERY::owner >> Pattern NOT FOUND in our LEXICON
INFO::>> now checking QUERY::owner >> Pattern NOT FOUND in our LEXICON
INFO::>> now checking qald pattern::part  >>>> Pattern FOUND in our LEXICON
INFO::>>>> Proposed results:predicate:: 
1 nationality
2 electoralVote
INFO::>>>>  QALD KB :alliance >>>> NOT FOUND  RANK::0 RECIPROCAL RANK::0


INFO::>> now checking qald pattern::population  >>>> Pattern FOUND in our LEXICON
INFO::>>>> Proposed results:predicate:: 
1 subdivisionName
INFO::>>>>  QALD KB :populationTotal >>>> NOT FOUND  RANK::0 RECIPROCAL RANK::0


INFO::>> now checking qald pattern::population  >>>> Pattern FOUND in our LEXICON
INFO::>>>> Proposed results:predicate:: 
1 subdivisionName
INFO::>>>>  QALD KB :populationTotal >>>> NOT FOUND  RANK::0 RECIPROCAL RANK::0


INFO::>> now checking qald pattern::population  >>>> Pattern FOUND in our LEXICON
INFO::>>>> Proposed results:predicate:: 
1 subdivisionName
INFO::>>>>  QALD KB :populationTotal >>>> NOT FOUND  RANK::0 RECIPROCAL RANK::0


INFO::>> now checking QUERY::population_densty_rank >> Pattern NOT FOUND in our LEXICON
INFO::>> now checking qald pattern::president  >>>> Pattern FOUND in our LEXICON
INFO::>>>> Proposed results:predicate:: 
1 birthPlace
INFO::>>>>  QALD KB :leaderTitle >>>> NOT FOUND  RANK::0 RECIPROCAL RANK::0


INFO::>> now checking QUERY::residence >> Pattern NOT FOUND in our LEXICON
INFO::>> now checking QUERY::result >> Pattern NOT FOUND in our LEXICON
INFO::>> now checking QUERY::runtime >> Pattern NOT FOUND in our LEXICON
INFO::>> now checking qald pattern::son  >>>> Pattern FOUND in our LEXICON
INFO::>>>> Proposed results:predicate:: 
1 successor
INFO::>>>>  QALD KB :parent >>>> NOT FOUND  RANK::0 RECIPROCAL RANK::0


INFO::>> now checking QUERY::speciality >> Pattern NOT FOUND in our LEXICON
INFO::>> now checking qald pattern::subsidiary  >>>> Pattern FOUND in our LEXICON
INFO::>>>> Proposed results:predicate:: 
1 parentCompany
INFO::>>>>  QALD KB :subsidiary >>>> NOT FOUND  RANK::0 RECIPROCAL RANK::0


INFO::>> now checking qald pattern::successor  >>>> Pattern FOUND in our LEXICON
INFO::>>>> Proposed results:predicate:: 
1 predecessor
INFO::>>>>  QALD KB :successor >>>> NOT FOUND  RANK::0 RECIPROCAL RANK::0


INFO::>> now checking QUERY::time_zone >> Pattern NOT FOUND in our LEXICON
INFO::>> now checking QUERY::total_area >> Pattern NOT FOUND in our LEXICON
INFO::>> now checking QUERY::total_population >> Pattern NOT FOUND in our LEXICON
INFO::>> now checking QUERY::vice_president >> Pattern NOT FOUND in our LEXICON
INFO::>> now checking qald pattern::wife  >>>> Pattern FOUND in our LEXICON
INFO::>>>> >>>>  >>>> >>>> >>>>  >>>> >>>> >>>> >>>> Proposed results:predicate:: 
1 spouse
INFO::>>>> >>>>  >>>> >>>> >>>>  >>>> >>>> >>>> >>>> QALD KB :spouse >>>> >>>> FOUND : >>>> >>>> RANK::1 RECIPROCAL RANK:1.0


INFO::>> now checking qald pattern::wife  >>>> Pattern FOUND in our LEXICON
INFO::>>>> >>>>  >>>> >>>> >>>>  >>>> >>>> >>>> >>>> Proposed results:predicate:: 
1 spouse
INFO::>>>> >>>>  >>>> >>>> >>>>  >>>> >>>> >>>> >>>> QALD KB :spouse >>>> >>>> FOUND : >>>> >>>> RANK::1 RECIPROCAL RANK:1.0


INFO::>> now checking qald pattern::wife  >>>> Pattern FOUND in our LEXICON
INFO::>>>> >>>>  >>>> >>>> >>>>  >>>> >>>> >>>> >>>> Proposed results:predicate:: 
1 spouse
INFO::>>>> >>>>  >>>> >>>> >>>>  >>>> >>>> >>>> >>>> QALD KB :spouse >>>> >>>> FOUND : >>>> >>>> RANK::1 RECIPROCAL RANK:1.0


INFO::>> now checking qald pattern::wife  >>>> Pattern FOUND in our LEXICON
INFO::>>>> >>>>  >>>> >>>> >>>>  >>>> >>>> >>>> >>>> Proposed results:predicate:: 
1 spouse
INFO::>>>> >>>>  >>>> >>>> >>>>  >>>> >>>> >>>> >>>> QALD KB :spouse >>>> >>>> FOUND : >>>> >>>> RANK::1 RECIPROCAL RANK:1.0


INFO::>> now checking qald pattern::wife  >>>> Pattern FOUND in our LEXICON
INFO::>>>> >>>>  >>>> >>>> >>>>  >>>> >>>> >>>> >>>> Proposed results:predicate:: 
1 spouse
INFO::>>>> >>>>  >>>> >>>> >>>>  >>>> >>>> >>>> >>>> QALD KB :spouse >>>> >>>> FOUND : >>>> >>>> RANK::1 RECIPROCAL RANK:1.0


INFO::>> now checking QUERY::work >> Pattern NOT FOUND in our LEXICON
INFO::>> now checking QUERY::writer >> Pattern NOT FOUND in our LEXICON
INFO::Hits10::(16/80.0):0.2
INFO::Hits1::(16/80.0):0.2
INFO::Hits5::(16/80.0):0.2
INFO::#### #### #### #### Mean Reciprocal Value::(16.0/80.0)=0.2
INFO::#### #### #### #### calculating Hits::
INFO::MEAN RECIPROCAL::0.200000000000
